<?xml version="1.0" encoding="UTF-8"?>
<!-- Generated by org.testng.reporters.JUnitReportReporter -->
<testsuite hostname="Babitas-MacBook-Air.local" failures="0" tests="1" name="runner.runCuke" time="15.174" errors="0" timestamp="2023-01-08T17:24:01 IST" skipped="0">
  <testcase classname="runner.runCuke" name="runScenario" time="15.174"/>
  <system-out/>
</testsuite> <!-- runner.runCuke -->
